  курсач.cpp
C:\Users\nyh02\OneDrive\НГТУ\6 семестр\УМФ\курсач\курсач\курсач.cpp(359,9): warning C4834: отмена возвращаемого значения функции с атрибутом "nodiscard"
C:\Users\nyh02\OneDrive\НГТУ\6 семестр\УМФ\курсач\курсач\курсач.cpp(370,23): warning C4018: <: несоответствие типов со знаком и без знака
C:\Users\nyh02\OneDrive\НГТУ\6 семестр\УМФ\курсач\курсач\курсач.cpp(390,21): warning C4018: <: несоответствие типов со знаком и без знака
C:\Users\nyh02\OneDrive\НГТУ\6 семестр\УМФ\курсач\курсач\курсач.cpp(527,52): warning C4244: аргумент: преобразование "_Ty" в "float", возможна потеря данных
          with
          [
              _Ty=double
          ]
C:\Users\nyh02\OneDrive\НГТУ\6 семестр\УМФ\курсач\курсач\курсач.cpp(527,39): warning C4244: аргумент: преобразование "_Ty" в "float", возможна потеря данных
          with
          [
              _Ty=double
          ]
C:\Users\nyh02\OneDrive\НГТУ\6 семестр\УМФ\курсач\курсач\курсач.cpp(528,52): warning C4244: аргумент: преобразование "_Ty" в "float", возможна потеря данных
          with
          [
              _Ty=double
          ]
C:\Users\nyh02\OneDrive\НГТУ\6 семестр\УМФ\курсач\курсач\курсач.cpp(528,39): warning C4244: аргумент: преобразование "_Ty" в "float", возможна потеря данных
          with
          [
              _Ty=double
          ]
C:\Users\nyh02\OneDrive\НГТУ\6 семестр\УМФ\курсач\курсач\курсач.cpp(537,52): warning C4244: аргумент: преобразование "_Ty" в "float", возможна потеря данных
          with
          [
              _Ty=double
          ]
C:\Users\nyh02\OneDrive\НГТУ\6 семестр\УМФ\курсач\курсач\курсач.cpp(537,39): warning C4244: аргумент: преобразование "_Ty" в "float", возможна потеря данных
          with
          [
              _Ty=double
          ]
C:\Users\nyh02\OneDrive\НГТУ\6 семестр\УМФ\курсач\курсач\курсач.cpp(538,52): warning C4244: аргумент: преобразование "_Ty" в "float", возможна потеря данных
          with
          [
              _Ty=double
          ]
C:\Users\nyh02\OneDrive\НГТУ\6 семестр\УМФ\курсач\курсач\курсач.cpp(538,39): warning C4244: аргумент: преобразование "_Ty" в "float", возможна потеря данных
          with
          [
              _Ty=double
          ]
C:\Users\nyh02\OneDrive\НГТУ\6 семестр\УМФ\курсач\курсач\курсач.cpp(559,55): warning C4244: аргумент: преобразование "_Ty" в "float", возможна потеря данных
          with
          [
              _Ty=double
          ]
C:\Users\nyh02\OneDrive\НГТУ\6 семестр\УМФ\курсач\курсач\курсач.cpp(559,42): warning C4244: аргумент: преобразование "_Ty" в "float", возможна потеря данных
          with
          [
              _Ty=double
          ]
C:\Users\nyh02\OneDrive\НГТУ\6 семестр\УМФ\курсач\курсач\курсач.cpp(560,55): warning C4244: аргумент: преобразование "_Ty" в "float", возможна потеря данных
          with
          [
              _Ty=double
          ]
C:\Users\nyh02\OneDrive\НГТУ\6 семестр\УМФ\курсач\курсач\курсач.cpp(560,42): warning C4244: аргумент: преобразование "_Ty" в "float", возможна потеря данных
          with
          [
              _Ty=double
          ]
C:\Users\nyh02\OneDrive\НГТУ\6 семестр\УМФ\курсач\курсач\курсач.cpp(576,55): warning C4244: аргумент: преобразование "_Ty" в "float", возможна потеря данных
          with
          [
              _Ty=double
          ]
C:\Users\nyh02\OneDrive\НГТУ\6 семестр\УМФ\курсач\курсач\курсач.cpp(576,42): warning C4244: аргумент: преобразование "_Ty" в "float", возможна потеря данных
          with
          [
              _Ty=double
          ]
C:\Users\nyh02\OneDrive\НГТУ\6 семестр\УМФ\курсач\курсач\курсач.cpp(577,55): warning C4244: аргумент: преобразование "_Ty" в "float", возможна потеря данных
          with
          [
              _Ty=double
          ]
C:\Users\nyh02\OneDrive\НГТУ\6 семестр\УМФ\курсач\курсач\курсач.cpp(577,42): warning C4244: аргумент: преобразование "_Ty" в "float", возможна потеря данных
          with
          [
              _Ty=double
          ]
C:\Users\nyh02\OneDrive\НГТУ\6 семестр\УМФ\курсач\курсач\курсач.cpp(612,44): warning C4244: аргумент: преобразование "_Ty" в "float", возможна потеря данных
          with
          [
              _Ty=double
          ]
C:\Users\nyh02\OneDrive\НГТУ\6 семестр\УМФ\курсач\курсач\курсач.cpp(612,31): warning C4244: аргумент: преобразование "_Ty" в "float", возможна потеря данных
          with
          [
              _Ty=double
          ]
C:\Users\nyh02\OneDrive\НГТУ\6 семестр\УМФ\курсач\курсач\курсач.cpp(613,44): warning C4244: аргумент: преобразование "_Ty" в "float", возможна потеря данных
          with
          [
              _Ty=double
          ]
C:\Users\nyh02\OneDrive\НГТУ\6 семестр\УМФ\курсач\курсач\курсач.cpp(613,31): warning C4244: аргумент: преобразование "_Ty" в "float", возможна потеря данных
          with
          [
              _Ty=double
          ]
C:\Users\nyh02\OneDrive\НГТУ\6 семестр\УМФ\курсач\курсач\курсач.cpp(788,40): warning C4244: аргумент: преобразование "_Ty" в "float", возможна потеря данных
          with
          [
              _Ty=double
          ]
C:\Users\nyh02\OneDrive\НГТУ\6 семестр\УМФ\курсач\курсач\курсач.cpp(788,27): warning C4244: аргумент: преобразование "_Ty" в "float", возможна потеря данных
          with
          [
              _Ty=double
          ]
C:\Users\nyh02\OneDrive\НГТУ\6 семестр\УМФ\курсач\курсач\курсач.cpp(789,40): warning C4244: аргумент: преобразование "_Ty" в "float", возможна потеря данных
          with
          [
              _Ty=double
          ]
C:\Users\nyh02\OneDrive\НГТУ\6 семестр\УМФ\курсач\курсач\курсач.cpp(789,27): warning C4244: аргумент: преобразование "_Ty" в "float", возможна потеря данных
          with
          [
              _Ty=double
          ]
C:\Users\nyh02\OneDrive\НГТУ\6 семестр\УМФ\курсач\курсач\курсач.cpp(790,40): warning C4244: аргумент: преобразование "_Ty" в "float", возможна потеря данных
          with
          [
              _Ty=double
          ]
C:\Users\nyh02\OneDrive\НГТУ\6 семестр\УМФ\курсач\курсач\курсач.cpp(790,27): warning C4244: аргумент: преобразование "_Ty" в "float", возможна потеря данных
          with
          [
              _Ty=double
          ]
C:\Users\nyh02\OneDrive\НГТУ\6 семестр\УМФ\курсач\курсач\курсач.cpp(837,21): warning C4018: <: несоответствие типов со знаком и без знака
C:\Users\nyh02\OneDrive\НГТУ\6 семестр\УМФ\курсач\курсач\курсач.cpp(102): warning C4715: ug: значение возвращается не при всех путях выполнения
C:\Users\nyh02\OneDrive\НГТУ\6 семестр\УМФ\курсач\курсач\курсач.cpp(118): warning C4715: Teta: значение возвращается не при всех путях выполнения
C:\Users\nyh02\OneDrive\НГТУ\6 семестр\УМФ\курсач\курсач\курсач.cpp(146): warning C4715: u_betta: значение возвращается не при всех путях выполнения
C:\Users\nyh02\OneDrive\НГТУ\6 семестр\УМФ\курсач\курсач\курсач.cpp(132): warning C4715: Betta: значение возвращается не при всех путях выполнения
C:\Users\nyh02\OneDrive\НГТУ\6 семестр\УМФ\курсач\курсач\курсач.cpp(83): warning C4715: Sigma: значение возвращается не при всех путях выполнения
  курсач.vcxproj -> C:\Users\nyh02\OneDrive\НГТУ\6 семестр\УМФ\курсач\Debug\курсач.exe
